File limit is lower than default batch size. Consider upping with --ulimit. May cause harm to sensitive servers
Your file limit is very small, which negatively impacts RustScan's speed. Use the Docker image, or up the Ulimit with '--ulimit 5000'. 
Open 10.10.195.67:22
Open 10.10.195.67:80
Starting Script(s)
Script to be run Some("nmap -vvv -p {{port}} {{ip}}")

Starting Nmap 7.91 ( https://nmap.org ) at 2021-07-26 11:12 EDT
NSE: Loaded 153 scripts for scanning.
NSE: Script Pre-scanning.
NSE: Starting runlevel 1 (of 3) scan.
Initiating NSE at 11:12
Completed NSE at 11:12, 0.00s elapsed
NSE: Starting runlevel 2 (of 3) scan.
Initiating NSE at 11:12
Completed NSE at 11:12, 0.00s elapsed
NSE: Starting runlevel 3 (of 3) scan.
Initiating NSE at 11:12
Completed NSE at 11:12, 0.00s elapsed
Initiating Ping Scan at 11:12
Scanning 10.10.195.67 [2 ports]
Completed Ping Scan at 11:12, 0.10s elapsed (1 total hosts)
Initiating Parallel DNS resolution of 1 host. at 11:12
Completed Parallel DNS resolution of 1 host. at 11:12, 0.00s elapsed
DNS resolution of 1 IPs took 0.00s. Mode: Async [#: 1, OK: 0, NX: 1, DR: 0, SF: 0, TR: 1, CN: 0]
Initiating Connect Scan at 11:12
Scanning 10.10.195.67 [2 ports]
Discovered open port 22/tcp on 10.10.195.67
Discovered open port 80/tcp on 10.10.195.67
Completed Connect Scan at 11:12, 0.10s elapsed (2 total ports)
Initiating Service scan at 11:12
Scanning 2 services on 10.10.195.67
Completed Service scan at 11:12, 6.21s elapsed (2 services on 1 host)
NSE: Script scanning 10.10.195.67.
NSE: Starting runlevel 1 (of 3) scan.
Initiating NSE at 11:12
Completed NSE at 11:12, 3.03s elapsed
NSE: Starting runlevel 2 (of 3) scan.
Initiating NSE at 11:12
Completed NSE at 11:12, 0.42s elapsed
NSE: Starting runlevel 3 (of 3) scan.
Initiating NSE at 11:12
Completed NSE at 11:12, 0.00s elapsed
Nmap scan report for 10.10.195.67
Host is up, received syn-ack (0.096s latency).
Scanned at 2021-07-26 11:12:08 EDT for 10s

PORT   STATE SERVICE REASON  VERSION
22/tcp open  ssh     syn-ack OpenSSH 7.6p1 Ubuntu 4ubuntu0.3 (Ubuntu Linux; protocol 2.0)
| ssh-hostkey: 
|   2048 4a:b9:16:08:84:c2:54:48:ba:5c:fd:3f:22:5f:22:14 (RSA)
| ssh-rsa AAAAB3NzaC1yc2EAAAADAQABAAABAQC9irIQxn1jiKNjwLFTFBitstKOcP7gYt7HQsk6kyRQJjlkhHYuIaLTtt1adsWWUhAlMGl+97TsNK93DijTFrjzz4iv1Zwpt2hhSPQG0GibavCBf5GVPb6TitSskqpgGmFAcvyEFv6fLBS7jUzbG50PDgXHPNIn2WUoa2tLPSr23Di3QO9miVT3+TqdvMiphYaz0RUAD/QMLdXipATI5DydoXhtymG7Nb11sVmgZ00DPK+XJ7WB++ndNdzLW9525v4wzkr1vsfUo9rTMo6D6ZeUF8MngQQx5u4pA230IIXMXoRMaWoUgCB6GENFUhzNrUfryL02/EMt5pgfj8G7ojx5
|   256 a9:a6:86:e8:ec:96:c3:f0:03:cd:16:d5:49:73:d0:82 (ECDSA)
| ecdsa-sha2-nistp256 AAAAE2VjZHNhLXNoYTItbmlzdHAyNTYAAAAIbmlzdHAyNTYAAABBBERAcu0+Tsp5KwMXdhMWEbPcF5JrZzhDTVERXqFstm7WA/5+6JiNmLNSPrqTuMb2ZpJvtL9MPhhCEDu6KZ7q6rI=
|   256 22:f6:b5:a6:54:d9:78:7c:26:03:5a:95:f3:f9:df:cd (ED25519)
|_ssh-ed25519 AAAAC3NzaC1lZDI1NTE5AAAAIC4fnU3h1O9PseKBbB/6m5x8Bo3cwSPmnfmcWQAVN93J
80/tcp open  http    syn-ack Apache httpd 2.4.29 ((Ubuntu))
| http-cookie-flags: 
|   /: 
|     PHPSESSID: 
|_      httponly flag not set
| http-methods: 
|_  Supported Methods: GET HEAD POST OPTIONS
|_http-server-header: Apache/2.4.29 (Ubuntu)
|_http-title: HackIT - Home
Service Info: OS: Linux; CPE: cpe:/o:linux:linux_kernel

NSE: Script Post-scanning.
NSE: Starting runlevel 1 (of 3) scan.
Initiating NSE at 11:12
Completed NSE at 11:12, 0.00s elapsed
NSE: Starting runlevel 2 (of 3) scan.
Initiating NSE at 11:12
Completed NSE at 11:12, 0.00s elapsed
NSE: Starting runlevel 3 (of 3) scan.
Initiating NSE at 11:12
Completed NSE at 11:12, 0.00s elapsed
Read data files from: /usr/bin/../share/nmap
Service detection performed. Please report any incorrect results at https://nmap.org/submit/ .
Nmap done: 1 IP address (1 host up) scanned in 10.22 seconds

