File limit is lower than default batch size. Consider upping with --ulimit. May cause harm to sensitive servers
Your file limit is very small, which negatively impacts RustScan's speed. Use the Docker image, or up the Ulimit with '--ulimit 5000'. 
Open 10.10.115.163:21
Open 10.10.115.163:22
Open 10.10.115.163:80
Starting Script(s)
Script to be run Some("nmap -vvv -p {{port}} {{ip}}")

Starting Nmap 7.91 ( https://nmap.org ) at 2021-07-27 23:30 EDT
NSE: Loaded 153 scripts for scanning.
NSE: Script Pre-scanning.
NSE: Starting runlevel 1 (of 3) scan.
Initiating NSE at 23:30
Completed NSE at 23:30, 0.00s elapsed
NSE: Starting runlevel 2 (of 3) scan.
Initiating NSE at 23:30
Completed NSE at 23:30, 0.00s elapsed
NSE: Starting runlevel 3 (of 3) scan.
Initiating NSE at 23:30
Completed NSE at 23:30, 0.00s elapsed
Initiating Ping Scan at 23:30
Scanning 10.10.115.163 [2 ports]
Completed Ping Scan at 23:30, 0.10s elapsed (1 total hosts)
Initiating Parallel DNS resolution of 1 host. at 23:30
Completed Parallel DNS resolution of 1 host. at 23:30, 0.00s elapsed
DNS resolution of 1 IPs took 0.00s. Mode: Async [#: 1, OK: 0, NX: 1, DR: 0, SF: 0, TR: 1, CN: 0]
Initiating Connect Scan at 23:30
Scanning 10.10.115.163 [3 ports]
Discovered open port 80/tcp on 10.10.115.163
Discovered open port 21/tcp on 10.10.115.163
Discovered open port 22/tcp on 10.10.115.163
Completed Connect Scan at 23:30, 0.10s elapsed (3 total ports)
Initiating Service scan at 23:30
Scanning 3 services on 10.10.115.163
Completed Service scan at 23:30, 6.20s elapsed (3 services on 1 host)
NSE: Script scanning 10.10.115.163.
NSE: Starting runlevel 1 (of 3) scan.
Initiating NSE at 23:30
NSE: [ftp-bounce 10.10.115.163:21] PORT response: 500 Illegal PORT command.
NSE Timing: About 99.76% done; ETC: 23:30 (0:00:00 remaining)
Completed NSE at 23:30, 30.45s elapsed
NSE: Starting runlevel 2 (of 3) scan.
Initiating NSE at 23:30
Completed NSE at 23:30, 0.68s elapsed
NSE: Starting runlevel 3 (of 3) scan.
Initiating NSE at 23:30
Completed NSE at 23:30, 0.00s elapsed
Nmap scan report for 10.10.115.163
Host is up, received syn-ack (0.096s latency).
Scanned at 2021-07-27 23:30:15 EDT for 38s

PORT   STATE SERVICE REASON  VERSION
21/tcp open  ftp     syn-ack vsftpd 3.0.3
| ftp-anon: Anonymous FTP login allowed (FTP code 230)
|_Can't get directory listing: TIMEOUT
| ftp-syst: 
|   STAT: 
| FTP server status:
|      Connected to ::ffff:10.6.89.232
|      Logged in as ftp
|      TYPE: ASCII
|      No session bandwidth limit
|      Session timeout in seconds is 300
|      Control connection is plain text
|      Data connections will be plain text
|      At session startup, client count was 3
|      vsFTPd 3.0.3 - secure, fast, stable
|_End of status
22/tcp open  ssh     syn-ack OpenSSH 7.2p2 Ubuntu 4ubuntu2.8 (Ubuntu Linux; protocol 2.0)
| ssh-hostkey: 
|   2048 dc:f8:df:a7:a6:00:6d:18:b0:70:2b:a5:aa:a6:14:3e (RSA)
| ssh-rsa AAAAB3NzaC1yc2EAAAADAQABAAABAQCgcwCtWTBLYfcPeyDkCNmq6mXb/qZExzWud7PuaWL38rUCUpDu6kvqKMLQRHX4H3vmnPE/YMkQIvmz4KUX4H/aXdw0sX5n9jrennTzkKb/zvqWNlT6zvJBWDDwjv5g9d34cMkE9fUlnn2gbczsmaK6Zo337F40ez1iwU0B39e5XOqhC37vJuqfej6c/C4o5FcYgRqktS/kdcbcm7FJ+fHH9xmUkiGIpvcJu+E4ZMtMQm4bFMTJ58bexLszN0rUn17d2K4+lHsITPVnIxdn9hSc3UomDrWWg+hWknWDcGpzXrQjCajO395PlZ0SBNDdN+B14E0m6lRY9GlyCD9hvwwB
|   256 ec:c0:f2:d9:1e:6f:48:7d:38:9a:e3:bb:08:c4:0c:c9 (ECDSA)
| ecdsa-sha2-nistp256 AAAAE2VjZHNhLXNoYTItbmlzdHAyNTYAAAAIbmlzdHAyNTYAAABBBMCu8L8U5da2RnlmmnGLtYtOy0Km3tMKLqm4dDG+CraYh7kgzgSVNdAjCOSfh3lIq9zdwajW+1q9kbbICVb07ZQ=
|   256 a4:1a:15:a5:d4:b1:cf:8f:16:50:3a:7d:d0:d8:13:c2 (ED25519)
|_ssh-ed25519 AAAAC3NzaC1lZDI1NTE5AAAAICqmJn+c7Fx6s0k8SCxAJAoJB7pS/RRtWjkaeDftreFw
80/tcp open  http    syn-ack Apache httpd 2.4.18 ((Ubuntu))
| http-methods: 
|_  Supported Methods: POST OPTIONS GET HEAD
|_http-server-header: Apache/2.4.18 (Ubuntu)
|_http-title: Site doesn't have a title (text/html).
Service Info: OSs: Unix, Linux; CPE: cpe:/o:linux:linux_kernel

NSE: Script Post-scanning.
NSE: Starting runlevel 1 (of 3) scan.
Initiating NSE at 23:30
Completed NSE at 23:30, 0.00s elapsed
NSE: Starting runlevel 2 (of 3) scan.
Initiating NSE at 23:30
Completed NSE at 23:30, 0.00s elapsed
NSE: Starting runlevel 3 (of 3) scan.
Initiating NSE at 23:30
Completed NSE at 23:30, 0.00s elapsed
Read data files from: /usr/bin/../share/nmap
Service detection performed. Please report any incorrect results at https://nmap.org/submit/ .
Nmap done: 1 IP address (1 host up) scanned in 38.13 seconds

