# Nmap 7.91 scan initiated Mon Jul 19 21:55:04 2021 as: nmap -p 445 --script=smb-enum-shares.nse,smb-enum-users.nse -oN nmap_smb_enum.log 10.10.225.136
Nmap scan report for 10.10.225.136
Host is up (0.14s latency).

PORT    STATE SERVICE
445/tcp open  microsoft-ds

Host script results:
| smb-enum-shares: 
|   account_used: guest
|   \\10.10.225.136\IPC$: 
|     Type: STYPE_IPC_HIDDEN
|     Comment: IPC Service (kenobi server (Samba, Ubuntu))
|     Users: 1
|     Max Users: <unlimited>
|     Path: C:\tmp
|     Anonymous access: READ
|     Current user access: READ/WRITE
|   \\10.10.225.136\anonymous: 
|     Type: STYPE_DISKTREE
|     Comment: 
|     Users: 0
|     Max Users: <unlimited>
|     Path: C:\home\kenobi\share
|     Anonymous access: READ/WRITE
|     Current user access: READ/WRITE
|   \\10.10.225.136\print$: 
|     Type: STYPE_DISKTREE
|     Comment: Printer Drivers
|     Users: 0
|     Max Users: <unlimited>
|     Path: C:\var\lib\samba\printers
|     Anonymous access: <none>
|_    Current user access: <none>

# Nmap done at Mon Jul 19 21:56:20 2021 -- 1 IP address (1 host up) scanned in 75.58 seconds
